This file contains any messages produced by compilers while
running configure, to aid debugging if configure makes a mistake.

It was created by Bap configure 0.7, which was
generated by GNU Autoconf 2.68.  Invocation command line was

  $ ./configure 

## --------- ##
## Platform. ##
## --------- ##

hostname = ubuntu
uname -m = i686
uname -r = 3.11.0-15-generic
uname -s = Linux
uname -v = #25~precise1-Ubuntu SMP Thu Jan 30 17:42:40 UTC 2014

/usr/bin/uname -p = unknown
/bin/uname -X     = unknown

/bin/arch              = unknown
/usr/bin/arch -k       = unknown
/usr/convex/getsysinfo = unknown
/usr/bin/hostinfo      = unknown
/bin/machine           = unknown
/usr/bin/oslevel       = unknown
/bin/universe          = unknown

PATH: /usr/local/sbin
PATH: /usr/local/bin
PATH: /usr/sbin
PATH: /usr/bin
PATH: /sbin
PATH: /bin
PATH: /usr/games
PATH: /home/bap/workspace/bap-0.8/utils


## ----------- ##
## Core tests. ##
## ----------- ##

configure:2487: checking for a BSD-compatible install
configure:2555: result: /usr/bin/install -c
configure:2566: checking whether build environment is sane
configure:2616: result: yes
configure:2757: checking for a thread-safe mkdir -p
configure:2796: result: /bin/mkdir -p
configure:2809: checking for gawk
configure:2839: result: no
configure:2809: checking for mawk
configure:2825: found /usr/bin/mawk
configure:2836: result: mawk
configure:2847: checking whether make sets $(MAKE)
configure:2869: result: yes
configure:3144: checking for g++
configure:3160: found /usr/bin/g++
configure:3171: result: g++
configure:3198: checking for C++ compiler version
configure:3207: g++ --version >&5
g++ (Ubuntu/Linaro 4.6.3-1ubuntu5) 4.6.3
Copyright (C) 2011 Free Software Foundation, Inc.
This is free software; see the source for copying conditions.  There is NO
warranty; not even for MERCHANTABILITY or FITNESS FOR A PARTICULAR PURPOSE.

configure:3218: $? = 0
configure:3207: g++ -v >&5
Using built-in specs.
COLLECT_GCC=g++
COLLECT_LTO_WRAPPER=/usr/lib/gcc/i686-linux-gnu/4.6/lto-wrapper
Target: i686-linux-gnu
Configured with: ../src/configure -v --with-pkgversion='Ubuntu/Linaro 4.6.3-1ubuntu5' --with-bugurl=file:///usr/share/doc/gcc-4.6/README.Bugs --enable-languages=c,c++,fortran,objc,obj-c++ --prefix=/usr --program-suffix=-4.6 --enable-shared --enable-linker-build-id --with-system-zlib --libexecdir=/usr/lib --without-included-gettext --enable-threads=posix --with-gxx-include-dir=/usr/include/c++/4.6 --libdir=/usr/lib --enable-nls --with-sysroot=/ --enable-clocale=gnu --enable-libstdcxx-debug --enable-libstdcxx-time=yes --enable-gnu-unique-object --enable-plugin --enable-objc-gc --enable-targets=all --disable-werror --with-arch-32=i686 --with-tune=generic --enable-checking=release --build=i686-linux-gnu --host=i686-linux-gnu --target=i686-linux-gnu
Thread model: posix
gcc version 4.6.3 (Ubuntu/Linaro 4.6.3-1ubuntu5) 
configure:3218: $? = 0
configure:3207: g++ -V >&5
g++: error: unrecognized option '-V'
g++: fatal error: no input files
compilation terminated.
configure:3218: $? = 4
configure:3207: g++ -qversion >&5
g++: error: unrecognized option '-qversion'
g++: fatal error: no input files
compilation terminated.
configure:3218: $? = 4
configure:3238: checking whether the C++ compiler works
configure:3260: g++    conftest.cpp  >&5
configure:3264: $? = 0
configure:3312: result: yes
configure:3315: checking for C++ compiler default output file name
configure:3317: result: a.out
configure:3323: checking for suffix of executables
configure:3330: g++ -o conftest    conftest.cpp  >&5
configure:3334: $? = 0
configure:3356: result: 
configure:3378: checking whether we are cross compiling
configure:3386: g++ -o conftest    conftest.cpp  >&5
configure:3390: $? = 0
configure:3397: ./conftest
configure:3401: $? = 0
configure:3416: result: no
configure:3421: checking for suffix of object files
configure:3443: g++ -c   conftest.cpp >&5
configure:3447: $? = 0
configure:3468: result: o
configure:3472: checking whether we are using the GNU C++ compiler
configure:3491: g++ -c   conftest.cpp >&5
configure:3491: $? = 0
configure:3500: result: yes
configure:3509: checking whether g++ accepts -g
configure:3529: g++ -c -g  conftest.cpp >&5
configure:3529: $? = 0
configure:3570: result: yes
configure:3604: checking for style of include used by make
configure:3632: result: GNU
configure:3658: checking dependency style of g++
configure:3769: result: gcc3
configure:3832: checking for gcc
configure:3848: found /usr/bin/gcc
configure:3859: result: gcc
configure:4088: checking for C compiler version
configure:4097: gcc --version >&5
gcc (Ubuntu/Linaro 4.6.3-1ubuntu5) 4.6.3
Copyright (C) 2011 Free Software Foundation, Inc.
This is free software; see the source for copying conditions.  There is NO
warranty; not even for MERCHANTABILITY or FITNESS FOR A PARTICULAR PURPOSE.

configure:4108: $? = 0
configure:4097: gcc -v >&5
Using built-in specs.
COLLECT_GCC=gcc
COLLECT_LTO_WRAPPER=/usr/lib/gcc/i686-linux-gnu/4.6/lto-wrapper
Target: i686-linux-gnu
Configured with: ../src/configure -v --with-pkgversion='Ubuntu/Linaro 4.6.3-1ubuntu5' --with-bugurl=file:///usr/share/doc/gcc-4.6/README.Bugs --enable-languages=c,c++,fortran,objc,obj-c++ --prefix=/usr --program-suffix=-4.6 --enable-shared --enable-linker-build-id --with-system-zlib --libexecdir=/usr/lib --without-included-gettext --enable-threads=posix --with-gxx-include-dir=/usr/include/c++/4.6 --libdir=/usr/lib --enable-nls --with-sysroot=/ --enable-clocale=gnu --enable-libstdcxx-debug --enable-libstdcxx-time=yes --enable-gnu-unique-object --enable-plugin --enable-objc-gc --enable-targets=all --disable-werror --with-arch-32=i686 --with-tune=generic --enable-checking=release --build=i686-linux-gnu --host=i686-linux-gnu --target=i686-linux-gnu
Thread model: posix
gcc version 4.6.3 (Ubuntu/Linaro 4.6.3-1ubuntu5) 
configure:4108: $? = 0
configure:4097: gcc -V >&5
gcc: error: unrecognized option '-V'
gcc: fatal error: no input files
compilation terminated.
configure:4108: $? = 4
configure:4097: gcc -qversion >&5
gcc: error: unrecognized option '-qversion'
gcc: fatal error: no input files
compilation terminated.
configure:4108: $? = 4
configure:4112: checking whether we are using the GNU C compiler
configure:4131: gcc -c   conftest.c >&5
configure:4131: $? = 0
configure:4140: result: yes
configure:4149: checking whether gcc accepts -g
configure:4169: gcc -c -g  conftest.c >&5
configure:4169: $? = 0
configure:4210: result: yes
configure:4227: checking for gcc option to accept ISO C89
configure:4291: gcc  -c -g -O2  conftest.c >&5
configure:4291: $? = 0
configure:4304: result: none needed
configure:4326: checking dependency style of gcc
configure:4437: result: gcc3
configure:4452: checking whether make sets $(MAKE)
configure:4474: result: yes
configure:4526: checking for ranlib
configure:4542: found /usr/bin/ranlib
configure:4553: result: ranlib
configure:4595: checking for ocamlc
configure:4613: found /usr/bin/ocamlc
configure:4625: result: /usr/bin/ocamlc
configure:4639: checking for OCaml version
configure:4642: result: 3.12.1
configure:4648: checking whether OCaml version >= 3.12.0
configure:4670: result: yes
configure:4680: checking for OCaml library path
configure:4683: result: /usr/lib/ocaml
configure:4691: checking for ocamlc.opt
configure:4709: found /usr/bin/ocamlc.opt
configure:4721: result: /usr/bin/ocamlc.opt
configure:4737: checking for ocamlc.opt version
configure:4740: result: 3.12.1
configure:4761: checking for ocamlopt
configure:4779: found /usr/bin/ocamlopt
configure:4791: result: /usr/bin/ocamlopt
configure:4807: checking for ocamlopt version
configure:4810: result: 3.12.1
configure:4825: checking if OCaml C compiler works
configure:4828: result: yes
configure:4846: checking for ocamlopt.opt
configure:4864: found /usr/bin/ocamlopt.opt
configure:4876: result: /usr/bin/ocamlopt.opt
configure:4892: checking for ocamlopt.opt version
configure:4895: result: 3.12.1
configure:4916: checking for ocamldep
configure:4934: found /usr/bin/ocamldep
configure:4946: result: /usr/bin/ocamldep
configure:4965: checking for ocamldep.opt
configure:4983: found /usr/bin/ocamldep.opt
configure:4995: result: /usr/bin/ocamldep.opt
configure:5017: checking for ocamlmktop
configure:5035: found /usr/bin/ocamlmktop
configure:5047: result: /usr/bin/ocamlmktop
configure:5065: checking for ocamlmklib
configure:5083: found /usr/bin/ocamlmklib
configure:5095: result: /usr/bin/ocamlmklib
configure:5113: checking for ocamldoc
configure:5131: found /usr/bin/ocamldoc
configure:5143: result: /usr/bin/ocamldoc
configure:5162: checking for ocamldoc.opt
configure:5180: found /usr/bin/ocamldoc.opt
configure:5192: result: /usr/bin/ocamldoc.opt
configure:5214: checking for ocamllex
configure:5232: found /usr/bin/ocamllex
configure:5244: result: /usr/bin/ocamllex
configure:5263: checking for ocamllex.opt
configure:5281: found /usr/bin/ocamllex.opt
configure:5293: result: /usr/bin/ocamllex.opt
configure:5315: checking for ocamlyacc
configure:5333: found /usr/bin/ocamlyacc
configure:5345: result: /usr/bin/ocamlyacc
configure:5367: checking for camlp4
configure:5385: found /usr/bin/camlp4
configure:5397: result: /usr/bin/camlp4
configure:5411: checking for camlp4 version
configure:5414: result: 3.12.1
configure:5429: checking for camlp4o
configure:5447: found /usr/bin/camlp4o
configure:5459: result: /usr/bin/camlp4o
configure:5476: checking for camlp4of
configure:5494: found /usr/bin/camlp4of
configure:5506: result: /usr/bin/camlp4of
configure:5523: checking for camlp4r
configure:5541: found /usr/bin/camlp4r
configure:5553: result: /usr/bin/camlp4r
configure:5568: checking for CamlP4 library path
configure:5571: result: /usr/lib/ocaml/camlp4
configure:5580: checking for ocamlfind
configure:5598: found /usr/bin/ocamlfind
configure:5610: result: /usr/bin/ocamlfind
configure:5628: checking for camlidl
configure:5646: found /usr/bin/camlidl
configure:5658: result: /usr/bin/camlidl
configure:5769: checking for /home/bap/workspace/bap-0.7/pin
configure:5783: result: no
configure:5788: WARNING: Pin not found. BAP pintraces will be unavailable.
configure:5803: checking llvm ocaml libraries
configure:5849: result: yes (llvm-3_1)
configure:5881: checking for camomile
configure:5889: result: yes
configure:5896: checking for bfd_init in -lbfd
configure:5921: gcc -o conftest -g -O2   conftest.c -lbfd   >&5
configure:5921: $? = 0
configure:5930: result: yes
configure:5943: checking for xmalloc in -liberty
configure:5968: gcc -o conftest -g -O2   conftest.c -liberty  -lbfd  >&5
configure:5968: $? = 0
configure:5977: result: yes
configure:5990: checking for pcre_config in -lpcre
configure:6015: gcc -o conftest -g -O2   conftest.c -lpcre  -liberty -lbfd  >&5
configure:6015: $? = 0
configure:6024: result: yes
configure:6038: checking for inflate in -lz
configure:6063: gcc -o conftest -g -O2   conftest.c -lz  -lpcre -liberty -lbfd  >&5
configure:6063: $? = 0
configure:6072: result: yes
configure:6108: checking how to run the C preprocessor
configure:6139: gcc -E  conftest.c
configure:6139: $? = 0
configure:6153: gcc -E  conftest.c
conftest.c:15:28: fatal error: ac_nonexistent.h: No such file or directory
compilation terminated.
configure:6153: $? = 1
configure: failed program was:
| /* confdefs.h */
| #define PACKAGE_NAME "Bap"
| #define PACKAGE_TARNAME "bap"
| #define PACKAGE_VERSION "0.7"
| #define PACKAGE_STRING "Bap 0.7"
| #define PACKAGE_BUGREPORT "bap-dev@lists.andrew.cmu.edu"
| #define PACKAGE_URL ""
| #define PACKAGE "bap"
| #define VERSION "0.7"
| #define HAVE_LIBBFD 1
| #define HAVE_LIBIBERTY 1
| #define HAVE_LIBPCRE 1
| #define HAVE_LIBZ 1
| /* end confdefs.h.  */
| #include <ac_nonexistent.h>
configure:6178: result: gcc -E
configure:6198: gcc -E  conftest.c
configure:6198: $? = 0
configure:6212: gcc -E  conftest.c
conftest.c:15:28: fatal error: ac_nonexistent.h: No such file or directory
compilation terminated.
configure:6212: $? = 1
configure: failed program was:
| /* confdefs.h */
| #define PACKAGE_NAME "Bap"
| #define PACKAGE_TARNAME "bap"
| #define PACKAGE_VERSION "0.7"
| #define PACKAGE_STRING "Bap 0.7"
| #define PACKAGE_BUGREPORT "bap-dev@lists.andrew.cmu.edu"
| #define PACKAGE_URL ""
| #define PACKAGE "bap"
| #define VERSION "0.7"
| #define HAVE_LIBBFD 1
| #define HAVE_LIBIBERTY 1
| #define HAVE_LIBPCRE 1
| #define HAVE_LIBZ 1
| /* end confdefs.h.  */
| #include <ac_nonexistent.h>
configure:6241: checking for grep that handles long lines and -e
configure:6299: result: /bin/grep
configure:6304: checking for egrep
configure:6366: result: /bin/grep -E
configure:6371: checking for ANSI C header files
configure:6391: gcc -c -g -O2  conftest.c >&5
configure:6391: $? = 0
configure:6464: gcc -o conftest -g -O2   conftest.c -lz -lpcre -liberty -lbfd  >&5
configure:6464: $? = 0
configure:6464: ./conftest
configure:6464: $? = 0
configure:6475: result: yes
configure:6488: checking for sys/types.h
configure:6488: gcc -c -g -O2  conftest.c >&5
configure:6488: $? = 0
configure:6488: result: yes
configure:6488: checking for sys/stat.h
configure:6488: gcc -c -g -O2  conftest.c >&5
configure:6488: $? = 0
configure:6488: result: yes
configure:6488: checking for stdlib.h
configure:6488: gcc -c -g -O2  conftest.c >&5
configure:6488: $? = 0
configure:6488: result: yes
configure:6488: checking for string.h
configure:6488: gcc -c -g -O2  conftest.c >&5
configure:6488: $? = 0
configure:6488: result: yes
configure:6488: checking for memory.h
configure:6488: gcc -c -g -O2  conftest.c >&5
configure:6488: $? = 0
configure:6488: result: yes
configure:6488: checking for strings.h
configure:6488: gcc -c -g -O2  conftest.c >&5
configure:6488: $? = 0
configure:6488: result: yes
configure:6488: checking for inttypes.h
configure:6488: gcc -c -g -O2  conftest.c >&5
configure:6488: $? = 0
configure:6488: result: yes
configure:6488: checking for stdint.h
configure:6488: gcc -c -g -O2  conftest.c >&5
configure:6488: $? = 0
configure:6488: result: yes
configure:6488: checking for unistd.h
configure:6488: gcc -c -g -O2  conftest.c >&5
configure:6488: $? = 0
configure:6488: result: yes
configure:6503: checking fcntl.h usability
configure:6503: gcc -c -g -O2  conftest.c >&5
configure:6503: $? = 0
configure:6503: result: yes
configure:6503: checking fcntl.h presence
configure:6503: gcc -E  conftest.c
configure:6503: $? = 0
configure:6503: result: yes
configure:6503: checking for fcntl.h
configure:6503: result: yes
configure:6503: checking for stdint.h
configure:6503: result: yes
configure:6503: checking for stdlib.h
configure:6503: result: yes
configure:6503: checking for string.h
configure:6503: result: yes
configure:6503: checking for unistd.h
configure:6503: result: yes
configure:6515: checking bfd.h usability
configure:6515: gcc -c -g -O2  conftest.c >&5
configure:6515: $? = 0
configure:6515: result: yes
configure:6515: checking bfd.h presence
configure:6515: gcc -E  conftest.c
configure:6515: $? = 0
configure:6515: result: yes
configure:6515: checking for bfd.h
configure:6515: result: yes
configure:6523: checking pcre.h usability
configure:6523: gcc -c -g -O2  conftest.c >&5
configure:6523: $? = 0
configure:6523: result: yes
configure:6523: checking pcre.h presence
configure:6523: gcc -E  conftest.c
configure:6523: $? = 0
configure:6523: result: yes
configure:6523: checking for pcre.h
configure:6523: result: yes
configure:6533: checking for stdbool.h that conforms to C99
configure:6600: gcc -c -g -O2  conftest.c >&5
configure:6600: $? = 0
configure:6607: result: yes
configure:6609: checking for _Bool
configure:6609: gcc -c -g -O2  conftest.c >&5
configure:6609: $? = 0
configure:6609: gcc -c -g -O2  conftest.c >&5
conftest.c: In function 'main':
conftest.c:66:20: error: expected expression before ')' token
configure:6609: $? = 1
configure: failed program was:
| /* confdefs.h */
| #define PACKAGE_NAME "Bap"
| #define PACKAGE_TARNAME "bap"
| #define PACKAGE_VERSION "0.7"
| #define PACKAGE_STRING "Bap 0.7"
| #define PACKAGE_BUGREPORT "bap-dev@lists.andrew.cmu.edu"
| #define PACKAGE_URL ""
| #define PACKAGE "bap"
| #define VERSION "0.7"
| #define HAVE_LIBBFD 1
| #define HAVE_LIBIBERTY 1
| #define HAVE_LIBPCRE 1
| #define HAVE_LIBZ 1
| #define STDC_HEADERS 1
| #define HAVE_SYS_TYPES_H 1
| #define HAVE_SYS_STAT_H 1
| #define HAVE_STDLIB_H 1
| #define HAVE_STRING_H 1
| #define HAVE_MEMORY_H 1
| #define HAVE_STRINGS_H 1
| #define HAVE_INTTYPES_H 1
| #define HAVE_STDINT_H 1
| #define HAVE_UNISTD_H 1
| #define HAVE_FCNTL_H 1
| #define HAVE_STDINT_H 1
| #define HAVE_STDLIB_H 1
| #define HAVE_STRING_H 1
| #define HAVE_UNISTD_H 1
| /* end confdefs.h.  */
| #include <stdio.h>
| #ifdef HAVE_SYS_TYPES_H
| # include <sys/types.h>
| #endif
| #ifdef HAVE_SYS_STAT_H
| # include <sys/stat.h>
| #endif
| #ifdef STDC_HEADERS
| # include <stdlib.h>
| # include <stddef.h>
| #else
| # ifdef HAVE_STDLIB_H
| #  include <stdlib.h>
| # endif
| #endif
| #ifdef HAVE_STRING_H
| # if !defined STDC_HEADERS && defined HAVE_MEMORY_H
| #  include <memory.h>
| # endif
| # include <string.h>
| #endif
| #ifdef HAVE_STRINGS_H
| # include <strings.h>
| #endif
| #ifdef HAVE_INTTYPES_H
| # include <inttypes.h>
| #endif
| #ifdef HAVE_STDINT_H
| # include <stdint.h>
| #endif
| #ifdef HAVE_UNISTD_H
| # include <unistd.h>
| #endif
| int
| main ()
| {
| if (sizeof ((_Bool)))
| 	    return 0;
|   ;
|   return 0;
| }
configure:6609: result: yes
configure:6625: checking for an ANSI C-conforming const
configure:6690: gcc -c -g -O2  conftest.c >&5
configure:6690: $? = 0
configure:6697: result: yes
configure:6705: checking for size_t
configure:6705: gcc -c -g -O2  conftest.c >&5
configure:6705: $? = 0
configure:6705: gcc -c -g -O2  conftest.c >&5
conftest.c: In function 'main':
conftest.c:68:21: error: expected expression before ')' token
configure:6705: $? = 1
configure: failed program was:
| /* confdefs.h */
| #define PACKAGE_NAME "Bap"
| #define PACKAGE_TARNAME "bap"
| #define PACKAGE_VERSION "0.7"
| #define PACKAGE_STRING "Bap 0.7"
| #define PACKAGE_BUGREPORT "bap-dev@lists.andrew.cmu.edu"
| #define PACKAGE_URL ""
| #define PACKAGE "bap"
| #define VERSION "0.7"
| #define HAVE_LIBBFD 1
| #define HAVE_LIBIBERTY 1
| #define HAVE_LIBPCRE 1
| #define HAVE_LIBZ 1
| #define STDC_HEADERS 1
| #define HAVE_SYS_TYPES_H 1
| #define HAVE_SYS_STAT_H 1
| #define HAVE_STDLIB_H 1
| #define HAVE_STRING_H 1
| #define HAVE_MEMORY_H 1
| #define HAVE_STRINGS_H 1
| #define HAVE_INTTYPES_H 1
| #define HAVE_STDINT_H 1
| #define HAVE_UNISTD_H 1
| #define HAVE_FCNTL_H 1
| #define HAVE_STDINT_H 1
| #define HAVE_STDLIB_H 1
| #define HAVE_STRING_H 1
| #define HAVE_UNISTD_H 1
| #define HAVE__BOOL 1
| #define HAVE_STDBOOL_H 1
| /* end confdefs.h.  */
| #include <stdio.h>
| #ifdef HAVE_SYS_TYPES_H
| # include <sys/types.h>
| #endif
| #ifdef HAVE_SYS_STAT_H
| # include <sys/stat.h>
| #endif
| #ifdef STDC_HEADERS
| # include <stdlib.h>
| # include <stddef.h>
| #else
| # ifdef HAVE_STDLIB_H
| #  include <stdlib.h>
| # endif
| #endif
| #ifdef HAVE_STRING_H
| # if !defined STDC_HEADERS && defined HAVE_MEMORY_H
| #  include <memory.h>
| # endif
| # include <string.h>
| #endif
| #ifdef HAVE_STRINGS_H
| # include <strings.h>
| #endif
| #ifdef HAVE_INTTYPES_H
| # include <inttypes.h>
| #endif
| #ifdef HAVE_STDINT_H
| # include <stdint.h>
| #endif
| #ifdef HAVE_UNISTD_H
| # include <unistd.h>
| #endif
| int
| main ()
| {
| if (sizeof ((size_t)))
| 	    return 0;
|   ;
|   return 0;
| }
configure:6705: result: yes
configure:6726: checking size of bfd_vma
configure:6731: gcc -o conftest -g -O2   conftest.c -lz -lpcre -liberty -lbfd  >&5
configure:6731: $? = 0
configure:6731: ./conftest
configure:6731: $? = 0
configure:6746: result: 8
configure:6760: checking for stdlib.h
configure:6760: result: yes
configure:6770: checking for GNU libc compatible malloc
configure:6794: gcc -o conftest -g -O2   conftest.c -lz -lpcre -liberty -lbfd  >&5
configure:6794: $? = 0
configure:6794: ./conftest
configure:6794: $? = 0
configure:6804: result: yes
configure:6825: checking for working memcmp
configure:6868: gcc -o conftest -g -O2   conftest.c -lz -lpcre -liberty -lbfd  >&5
configure:6868: $? = 0
configure:6868: ./conftest
configure:6868: $? = 0
configure:6878: result: yes
configure:6890: checking for bzero
configure:6890: gcc -o conftest -g -O2   conftest.c -lz -lpcre -liberty -lbfd  >&5
conftest.c:59:6: warning: conflicting types for built-in function 'bzero' [enabled by default]
configure:6890: $? = 0
configure:6890: result: yes
configure:6890: checking for memset
configure:6890: gcc -o conftest -g -O2   conftest.c -lz -lpcre -liberty -lbfd  >&5
conftest.c:60:6: warning: conflicting types for built-in function 'memset' [enabled by default]
configure:6890: $? = 0
configure:6890: result: yes
configure:6890: checking for strstr
configure:6890: gcc -o conftest -g -O2   conftest.c -lz -lpcre -liberty -lbfd  >&5
conftest.c:61:6: warning: conflicting types for built-in function 'strstr' [enabled by default]
configure:6890: $? = 0
configure:6890: result: yes
configure:6890: checking for strtoul
configure:6890: gcc -o conftest -g -O2   conftest.c -lz -lpcre -liberty -lbfd  >&5
configure:6890: $? = 0
configure:6890: result: yes
configure:7047: creating ./config.status

## ---------------------- ##
## Running config.status. ##
## ---------------------- ##

This file was extended by Bap config.status 0.7, which was
generated by GNU Autoconf 2.68.  Invocation command line was

  CONFIG_FILES    = 
  CONFIG_HEADERS  = 
  CONFIG_LINKS    = 
  CONFIG_COMMANDS = 
  $ ./config.status 

on ubuntu

config.status:923: creating Makefile
config.status:923: creating libasmir/Makefile
config.status:923: creating libasmir/apps/Makefile
config.status:923: creating libasmir/src/Makefile
config.status:923: creating libtracewrap/Makefile
config.status:923: creating ocaml/Makefile
config.status:923: creating utils/Makefile
config.status:923: creating tests/Makefile
config.status:923: creating libasmir/config.h
config.status:1104: libasmir/config.h is unchanged
config.status:1152: executing depfiles commands

## ---------------- ##
## Cache variables. ##
## ---------------- ##

ac_cv_c_compiler_gnu=yes
ac_cv_c_const=yes
ac_cv_cxx_compiler_gnu=yes
ac_cv_env_CCC_set=
ac_cv_env_CCC_value=
ac_cv_env_CC_set=
ac_cv_env_CC_value=
ac_cv_env_CFLAGS_set=
ac_cv_env_CFLAGS_value=
ac_cv_env_CPPFLAGS_set=
ac_cv_env_CPPFLAGS_value=
ac_cv_env_CPP_set=
ac_cv_env_CPP_value=
ac_cv_env_CXXFLAGS_set=
ac_cv_env_CXXFLAGS_value=
ac_cv_env_CXX_set=
ac_cv_env_CXX_value=
ac_cv_env_LDFLAGS_set=
ac_cv_env_LDFLAGS_value=
ac_cv_env_LIBS_set=
ac_cv_env_LIBS_value=
ac_cv_env_build_alias_set=
ac_cv_env_build_alias_value=
ac_cv_env_host_alias_set=
ac_cv_env_host_alias_value=
ac_cv_env_target_alias_set=
ac_cv_env_target_alias_value=
ac_cv_file__home_bap_workspace_bap_0_7_pin=no
ac_cv_func_bzero=yes
ac_cv_func_malloc_0_nonnull=yes
ac_cv_func_memcmp_working=yes
ac_cv_func_memset=yes
ac_cv_func_strstr=yes
ac_cv_func_strtoul=yes
ac_cv_header_bfd_h=yes
ac_cv_header_fcntl_h=yes
ac_cv_header_inttypes_h=yes
ac_cv_header_memory_h=yes
ac_cv_header_pcre_h=yes
ac_cv_header_stdbool_h=yes
ac_cv_header_stdc=yes
ac_cv_header_stdint_h=yes
ac_cv_header_stdlib_h=yes
ac_cv_header_string_h=yes
ac_cv_header_strings_h=yes
ac_cv_header_sys_stat_h=yes
ac_cv_header_sys_types_h=yes
ac_cv_header_unistd_h=yes
ac_cv_lib_bfd_bfd_init=yes
ac_cv_lib_iberty_xmalloc=yes
ac_cv_lib_pcre_pcre_config=yes
ac_cv_lib_z_inflate=yes
ac_cv_objext=o
ac_cv_path_CAMLIDL=/usr/bin/camlidl
ac_cv_path_CAMLP4=/usr/bin/camlp4
ac_cv_path_CAMLP4O=/usr/bin/camlp4o
ac_cv_path_CAMLP4OF=/usr/bin/camlp4of
ac_cv_path_CAMLP4R=/usr/bin/camlp4r
ac_cv_path_EGREP='/bin/grep -E'
ac_cv_path_GREP=/bin/grep
ac_cv_path_OCAMLC=/usr/bin/ocamlc
ac_cv_path_OCAMLC_OPT=/usr/bin/ocamlc.opt
ac_cv_path_OCAMLDEP=/usr/bin/ocamldep
ac_cv_path_OCAMLDEP_OPT=/usr/bin/ocamldep.opt
ac_cv_path_OCAMLDOC=/usr/bin/ocamldoc
ac_cv_path_OCAMLDOC_OPT=/usr/bin/ocamldoc.opt
ac_cv_path_OCAMLFIND=/usr/bin/ocamlfind
ac_cv_path_OCAMLLEX=/usr/bin/ocamllex
ac_cv_path_OCAMLLEX_OPT=/usr/bin/ocamllex.opt
ac_cv_path_OCAMLMKLIB=/usr/bin/ocamlmklib
ac_cv_path_OCAMLMKTOP=/usr/bin/ocamlmktop
ac_cv_path_OCAMLOPT=/usr/bin/ocamlopt
ac_cv_path_OCAMLOPT_OPT=/usr/bin/ocamlopt.opt
ac_cv_path_OCAMLYACC=/usr/bin/ocamlyacc
ac_cv_path_install='/usr/bin/install -c'
ac_cv_path_mkdir=/bin/mkdir
ac_cv_prog_AWK=mawk
ac_cv_prog_CPP='gcc -E'
ac_cv_prog_ac_ct_CC=gcc
ac_cv_prog_ac_ct_CXX=g++
ac_cv_prog_ac_ct_RANLIB=ranlib
ac_cv_prog_cc_c89=
ac_cv_prog_cc_g=yes
ac_cv_prog_cxx_g=yes
ac_cv_prog_make_make_set=yes
ac_cv_sizeof_bfd_vma=8
ac_cv_type__Bool=yes
ac_cv_type_size_t=yes
am_cv_CC_dependencies_compiler_type=gcc3
am_cv_CXX_dependencies_compiler_type=gcc3

## ----------------- ##
## Output variables. ##
## ----------------- ##

ACLOCAL='${SHELL} /home/bap/workspace/bap-0.7/missing --run aclocal-1.11'
AMDEPBACKSLASH='\'
AMDEP_FALSE='#'
AMDEP_TRUE=''
AMTAR='$${TAR-tar}'
ASMIR_DIR='/home/bap/workspace/bap-0.7/libasmir'
AUTOCONF='${SHELL} /home/bap/workspace/bap-0.7/missing --run autoconf'
AUTOHEADER='${SHELL} /home/bap/workspace/bap-0.7/missing --run autoheader'
AUTOMAKE='${SHELL} /home/bap/workspace/bap-0.7/missing --run automake-1.11'
AWK='mawk'
BAP_DIR='/home/bap/workspace/bap-0.7'
CAMLIDL='/usr/bin/camlidl'
CAMLP4='/usr/bin/camlp4'
CAMLP4O='/usr/bin/camlp4o'
CAMLP4OF='/usr/bin/camlp4of'
CAMLP4R='/usr/bin/camlp4r'
CC='gcc'
CCDEPMODE='depmode=gcc3'
CFLAGS='-g -O2'
CPP='gcc -E'
CPPFLAGS=''
CXX='g++'
CXXDEPMODE='depmode=gcc3'
CXXFLAGS='-g -O2'
CYGPATH_W='echo'
DEFS='-DHAVE_CONFIG_H'
DEPDIR='.deps'
ECHO_C=''
ECHO_N='-n'
ECHO_T=''
EGREP='/bin/grep -E'
EXEEXT=''
GREP='/bin/grep'
HAVE_ETAGS_FALSE='#'
HAVE_ETAGS_TRUE=''
HAVE_LLVM_AC='yes'
HAVE_PIN_FALSE=''
HAVE_PIN_TRUE='#'
INCDIRS=''
INSTALL_DATA='${INSTALL} -m 644'
INSTALL_PROGRAM='${INSTALL}'
INSTALL_SCRIPT='${INSTALL}'
INSTALL_STRIP_PROGRAM='$(install_sh) -c -s'
LDFLAGS=''
LIBOBJS=''
LIBS='-lz -lpcre -liberty -lbfd '
LLVM_PACKAGE='llvm-3_1'
LLVM_PPFLAGS=''
LTLIBOBJS=''
MAKEINFO='${SHELL} /home/bap/workspace/bap-0.7/missing --run makeinfo'
MKDIR_P='/bin/mkdir -p'
OBJEXT='o'
OCAMLC='/usr/bin/ocamlc.opt'
OCAMLC_OPT='/usr/bin/ocamlc.opt'
OCAMLDEP='/usr/bin/ocamldep.opt'
OCAMLDEP_OPT='/usr/bin/ocamldep.opt'
OCAMLDOC='/usr/bin/ocamldoc.opt'
OCAMLDOC_OPT='/usr/bin/ocamldoc.opt'
OCAMLFIND='/usr/bin/ocamlfind'
OCAMLLEX='/usr/bin/ocamllex.opt'
OCAMLLEX_OPT='/usr/bin/ocamllex.opt'
OCAMLMKLIB='/usr/bin/ocamlmklib'
OCAMLMKTOP='/usr/bin/ocamlmktop'
OCAMLOPT='/usr/bin/ocamlopt.opt'
OCAMLOPT_OPT='/usr/bin/ocamlopt.opt'
OCAMLYACC='/usr/bin/ocamlyacc'
PACKAGE='bap'
PACKAGE_BUGREPORT='bap-dev@lists.andrew.cmu.edu'
PACKAGE_NAME='Bap'
PACKAGE_STRING='Bap 0.7'
PACKAGE_TARNAME='bap'
PACKAGE_URL=''
PACKAGE_VERSION='0.7'
PATH_SEPARATOR=':'
RANLIB='ranlib'
SET_MAKE=''
SHELL='/bin/bash'
STRIP=''
VERSION='0.7'
VEX_DIR='/home/bap/workspace/bap-0.7/VEX'
ac_ct_CC='gcc'
ac_ct_CXX='g++'
am__EXEEXT_FALSE=''
am__EXEEXT_TRUE='#'
am__fastdepCC_FALSE='#'
am__fastdepCC_TRUE=''
am__fastdepCXX_FALSE='#'
am__fastdepCXX_TRUE=''
am__include='include'
am__isrc=''
am__leading_dot='.'
am__nodep='_no'
am__quote=''
am__tar='$${TAR-tar} chof - "$$tardir"'
am__untar='$${TAR-tar} xf -'
bindir='${exec_prefix}/bin'
build_alias=''
datadir='${datarootdir}'
datarootdir='${prefix}/share'
docdir='${datarootdir}/doc/${PACKAGE_TARNAME}'
dvidir='${docdir}'
exec_prefix='${prefix}'
host_alias=''
htmldir='${docdir}'
includedir='${prefix}/include'
infodir='${datarootdir}/info'
install_sh='${SHELL} /home/bap/workspace/bap-0.7/install-sh'
libdir='${exec_prefix}/lib'
libexecdir='${exec_prefix}/libexec'
localedir='${datarootdir}/locale'
localstatedir='${prefix}/var'
mandir='${datarootdir}/man'
mkdir_p='/bin/mkdir -p'
oldincludedir='/usr/include'
pdfdir='${docdir}'
prefix='/usr/local'
program_transform_name='s,x,x,'
psdir='${docdir}'
sbindir='${exec_prefix}/sbin'
sharedstatedir='${prefix}/com'
sysconfdir='${prefix}/etc'
target_alias=''

## ----------- ##
## confdefs.h. ##
## ----------- ##

/* confdefs.h */
#define PACKAGE_NAME "Bap"
#define PACKAGE_TARNAME "bap"
#define PACKAGE_VERSION "0.7"
#define PACKAGE_STRING "Bap 0.7"
#define PACKAGE_BUGREPORT "bap-dev@lists.andrew.cmu.edu"
#define PACKAGE_URL ""
#define PACKAGE "bap"
#define VERSION "0.7"
#define HAVE_LIBBFD 1
#define HAVE_LIBIBERTY 1
#define HAVE_LIBPCRE 1
#define HAVE_LIBZ 1
#define STDC_HEADERS 1
#define HAVE_SYS_TYPES_H 1
#define HAVE_SYS_STAT_H 1
#define HAVE_STDLIB_H 1
#define HAVE_STRING_H 1
#define HAVE_MEMORY_H 1
#define HAVE_STRINGS_H 1
#define HAVE_INTTYPES_H 1
#define HAVE_STDINT_H 1
#define HAVE_UNISTD_H 1
#define HAVE_FCNTL_H 1
#define HAVE_STDINT_H 1
#define HAVE_STDLIB_H 1
#define HAVE_STRING_H 1
#define HAVE_UNISTD_H 1
#define HAVE__BOOL 1
#define HAVE_STDBOOL_H 1
#define VEX_VERSION 2201
#define SIZEOF_BFD_VMA 8
#define HAVE_STDLIB_H 1
#define HAVE_MALLOC 1
#define HAVE_BZERO 1
#define HAVE_MEMSET 1
#define HAVE_STRSTR 1
#define HAVE_STRTOUL 1

configure: exit 0
