This file contains any messages produced by compilers while
running configure, to aid debugging if configure makes a mistake.

It was created by libtrace configure 1.0, which was
generated by GNU Autoconf 2.68.  Invocation command line was

  $ ./configure --with-batteries=/home/bap/workspace/bap-0.7/batteries/_build/src

## --------- ##
## Platform. ##
## --------- ##

hostname = ubuntu
uname -m = i686
uname -r = 3.11.0-15-generic
uname -s = Linux
uname -v = #25~precise1-Ubuntu SMP Thu Jan 30 17:42:40 UTC 2014

/usr/bin/uname -p = unknown
/bin/uname -X     = unknown

/bin/arch              = unknown
/usr/bin/arch -k       = unknown
/usr/convex/getsysinfo = unknown
/usr/bin/hostinfo      = unknown
/bin/machine           = unknown
/usr/bin/oslevel       = unknown
/bin/universe          = unknown

PATH: /usr/local/sbin
PATH: /usr/local/bin
PATH: /usr/sbin
PATH: /usr/bin
PATH: /sbin
PATH: /bin
PATH: /usr/games
PATH: /home/bap/workspace/bap-0.8/utils


## ----------- ##
## Core tests. ##
## ----------- ##

configure:2348: checking for a BSD-compatible install
configure:2416: result: /usr/bin/install -c
configure:2427: checking whether build environment is sane
configure:2477: result: yes
configure:2618: checking for a thread-safe mkdir -p
configure:2657: result: /bin/mkdir -p
configure:2670: checking for gawk
configure:2700: result: no
configure:2670: checking for mawk
configure:2686: found /usr/bin/mawk
configure:2697: result: mawk
configure:2708: checking whether make sets $(MAKE)
configure:2730: result: yes
configure:2875: checking for g++
configure:2891: found /usr/bin/g++
configure:2902: result: g++
configure:2929: checking for C++ compiler version
configure:2938: g++ --version >&5
g++ (Ubuntu/Linaro 4.6.3-1ubuntu5) 4.6.3
Copyright (C) 2011 Free Software Foundation, Inc.
This is free software; see the source for copying conditions.  There is NO
warranty; not even for MERCHANTABILITY or FITNESS FOR A PARTICULAR PURPOSE.

configure:2949: $? = 0
configure:2938: g++ -v >&5
Using built-in specs.
COLLECT_GCC=g++
COLLECT_LTO_WRAPPER=/usr/lib/gcc/i686-linux-gnu/4.6/lto-wrapper
Target: i686-linux-gnu
Configured with: ../src/configure -v --with-pkgversion='Ubuntu/Linaro 4.6.3-1ubuntu5' --with-bugurl=file:///usr/share/doc/gcc-4.6/README.Bugs --enable-languages=c,c++,fortran,objc,obj-c++ --prefix=/usr --program-suffix=-4.6 --enable-shared --enable-linker-build-id --with-system-zlib --libexecdir=/usr/lib --without-included-gettext --enable-threads=posix --with-gxx-include-dir=/usr/include/c++/4.6 --libdir=/usr/lib --enable-nls --with-sysroot=/ --enable-clocale=gnu --enable-libstdcxx-debug --enable-libstdcxx-time=yes --enable-gnu-unique-object --enable-plugin --enable-objc-gc --enable-targets=all --disable-werror --with-arch-32=i686 --with-tune=generic --enable-checking=release --build=i686-linux-gnu --host=i686-linux-gnu --target=i686-linux-gnu
Thread model: posix
gcc version 4.6.3 (Ubuntu/Linaro 4.6.3-1ubuntu5) 
configure:2949: $? = 0
configure:2938: g++ -V >&5
g++: error: unrecognized option '-V'
g++: fatal error: no input files
compilation terminated.
configure:2949: $? = 4
configure:2938: g++ -qversion >&5
g++: error: unrecognized option '-qversion'
g++: fatal error: no input files
compilation terminated.
configure:2949: $? = 4
configure:2969: checking whether the C++ compiler works
configure:2991: g++ -m32   conftest.cpp  >&5
configure:2995: $? = 0
configure:3043: result: yes
configure:3046: checking for C++ compiler default output file name
configure:3048: result: a.out
configure:3054: checking for suffix of executables
configure:3061: g++ -o conftest -m32   conftest.cpp  >&5
configure:3065: $? = 0
configure:3087: result: 
configure:3109: checking whether we are cross compiling
configure:3117: g++ -o conftest -m32   conftest.cpp  >&5
configure:3121: $? = 0
configure:3128: ./conftest
configure:3132: $? = 0
configure:3147: result: no
configure:3152: checking for suffix of object files
configure:3174: g++ -c -m32  conftest.cpp >&5
configure:3178: $? = 0
configure:3199: result: o
configure:3203: checking whether we are using the GNU C++ compiler
configure:3222: g++ -c -m32  conftest.cpp >&5
configure:3222: $? = 0
configure:3231: result: yes
configure:3240: checking whether g++ accepts -g
configure:3260: g++ -c -g  conftest.cpp >&5
configure:3260: $? = 0
configure:3301: result: yes
configure:3335: checking for style of include used by make
configure:3363: result: GNU
configure:3389: checking dependency style of g++
configure:3500: result: gcc3
configure:3563: checking for gcc
configure:3579: found /usr/bin/gcc
configure:3590: result: gcc
configure:3819: checking for C compiler version
configure:3828: gcc --version >&5
gcc (Ubuntu/Linaro 4.6.3-1ubuntu5) 4.6.3
Copyright (C) 2011 Free Software Foundation, Inc.
This is free software; see the source for copying conditions.  There is NO
warranty; not even for MERCHANTABILITY or FITNESS FOR A PARTICULAR PURPOSE.

configure:3839: $? = 0
configure:3828: gcc -v >&5
Using built-in specs.
COLLECT_GCC=gcc
COLLECT_LTO_WRAPPER=/usr/lib/gcc/i686-linux-gnu/4.6/lto-wrapper
Target: i686-linux-gnu
Configured with: ../src/configure -v --with-pkgversion='Ubuntu/Linaro 4.6.3-1ubuntu5' --with-bugurl=file:///usr/share/doc/gcc-4.6/README.Bugs --enable-languages=c,c++,fortran,objc,obj-c++ --prefix=/usr --program-suffix=-4.6 --enable-shared --enable-linker-build-id --with-system-zlib --libexecdir=/usr/lib --without-included-gettext --enable-threads=posix --with-gxx-include-dir=/usr/include/c++/4.6 --libdir=/usr/lib --enable-nls --with-sysroot=/ --enable-clocale=gnu --enable-libstdcxx-debug --enable-libstdcxx-time=yes --enable-gnu-unique-object --enable-plugin --enable-objc-gc --enable-targets=all --disable-werror --with-arch-32=i686 --with-tune=generic --enable-checking=release --build=i686-linux-gnu --host=i686-linux-gnu --target=i686-linux-gnu
Thread model: posix
gcc version 4.6.3 (Ubuntu/Linaro 4.6.3-1ubuntu5) 
configure:3839: $? = 0
configure:3828: gcc -V >&5
gcc: error: unrecognized option '-V'
gcc: fatal error: no input files
compilation terminated.
configure:3839: $? = 4
configure:3828: gcc -qversion >&5
gcc: error: unrecognized option '-qversion'
gcc: fatal error: no input files
compilation terminated.
configure:3839: $? = 4
configure:3843: checking whether we are using the GNU C compiler
configure:3862: gcc -c -m32  conftest.c >&5
configure:3862: $? = 0
configure:3871: result: yes
configure:3880: checking whether gcc accepts -g
configure:3900: gcc -c -g  conftest.c >&5
configure:3900: $? = 0
configure:3941: result: yes
configure:3958: checking for gcc option to accept ISO C89
configure:4022: gcc  -c -m32  conftest.c >&5
configure:4022: $? = 0
configure:4035: result: none needed
configure:4057: checking dependency style of gcc
configure:4168: result: gcc3
configure:4188: checking how to run the C preprocessor
configure:4219: gcc -E  conftest.c
configure:4219: $? = 0
configure:4233: gcc -E  conftest.c
conftest.c:11:28: fatal error: ac_nonexistent.h: No such file or directory
compilation terminated.
configure:4233: $? = 1
configure: failed program was:
| /* confdefs.h */
| #define PACKAGE_NAME "libtrace"
| #define PACKAGE_TARNAME "libtrace"
| #define PACKAGE_VERSION "1.0"
| #define PACKAGE_STRING "libtrace 1.0"
| #define PACKAGE_BUGREPORT "bap-dev@lists.andrew.cmu.edu"
| #define PACKAGE_URL ""
| #define PACKAGE "libtrace"
| #define VERSION "1.0"
| /* end confdefs.h.  */
| #include <ac_nonexistent.h>
configure:4258: result: gcc -E
configure:4278: gcc -E  conftest.c
configure:4278: $? = 0
configure:4292: gcc -E  conftest.c
conftest.c:11:28: fatal error: ac_nonexistent.h: No such file or directory
compilation terminated.
configure:4292: $? = 1
configure: failed program was:
| /* confdefs.h */
| #define PACKAGE_NAME "libtrace"
| #define PACKAGE_TARNAME "libtrace"
| #define PACKAGE_VERSION "1.0"
| #define PACKAGE_STRING "libtrace 1.0"
| #define PACKAGE_BUGREPORT "bap-dev@lists.andrew.cmu.edu"
| #define PACKAGE_URL ""
| #define PACKAGE "libtrace"
| #define VERSION "1.0"
| /* end confdefs.h.  */
| #include <ac_nonexistent.h>
configure:4363: checking for ranlib
configure:4379: found /usr/bin/ranlib
configure:4390: result: ranlib
configure:4456: checking for ocamlc
configure:4472: found /usr/bin/ocamlc
configure:4483: result: ocamlc
configure:4508: result: OCaml version is 3.12.1
configure:4517: result: OCaml library path is /usr/lib/ocaml
configure:4567: checking for ocamlopt
configure:4583: found /usr/bin/ocamlopt
configure:4594: result: ocamlopt
configure:4677: checking for ocamlc.opt
configure:4693: found /usr/bin/ocamlc.opt
configure:4704: result: ocamlc.opt
configure:4781: checking for ocamlopt.opt
configure:4797: found /usr/bin/ocamlopt.opt
configure:4808: result: ocamlopt.opt
configure:4890: checking for ocaml
configure:4906: found /usr/bin/ocaml
configure:4917: result: ocaml
configure:4984: checking for ocamldep
configure:5000: found /usr/bin/ocamldep
configure:5011: result: ocamldep
configure:5078: checking for ocamlmktop
configure:5094: found /usr/bin/ocamlmktop
configure:5105: result: ocamlmktop
configure:5172: checking for ocamlmklib
configure:5188: found /usr/bin/ocamlmklib
configure:5199: result: ocamlmklib
configure:5266: checking for ocamldoc
configure:5282: found /usr/bin/ocamldoc
configure:5293: result: ocamldoc
configure:5360: checking for ocamlbuild
configure:5376: found /usr/bin/ocamlbuild
configure:5387: result: ocamlbuild
configure:5414: checking for main in -lpthread
configure:5433: gcc -o conftest -m32   conftest.c -lpthread   >&5
configure:5433: $? = 0
configure:5442: result: yes
configure:5462: checking for OCaml module batteries
configure:5477: result: /home/bap/workspace/bap-0.7/batteries/_build/src
configure:5504: checking for grep that handles long lines and -e
configure:5562: result: /bin/grep
configure:5567: checking for egrep
configure:5629: result: /bin/grep -E
configure:5634: checking for ANSI C header files
configure:5654: gcc -c -m32  conftest.c >&5
configure:5654: $? = 0
configure:5727: gcc -o conftest -m32   conftest.c -lpthread  >&5
configure:5727: $? = 0
configure:5727: ./conftest
configure:5727: $? = 0
configure:5738: result: yes
configure:5751: checking for sys/types.h
configure:5751: gcc -c -m32  conftest.c >&5
configure:5751: $? = 0
configure:5751: result: yes
configure:5751: checking for sys/stat.h
configure:5751: gcc -c -m32  conftest.c >&5
configure:5751: $? = 0
configure:5751: result: yes
configure:5751: checking for stdlib.h
configure:5751: gcc -c -m32  conftest.c >&5
configure:5751: $? = 0
configure:5751: result: yes
configure:5751: checking for string.h
configure:5751: gcc -c -m32  conftest.c >&5
configure:5751: $? = 0
configure:5751: result: yes
configure:5751: checking for memory.h
configure:5751: gcc -c -m32  conftest.c >&5
configure:5751: $? = 0
configure:5751: result: yes
configure:5751: checking for strings.h
configure:5751: gcc -c -m32  conftest.c >&5
configure:5751: $? = 0
configure:5751: result: yes
configure:5751: checking for inttypes.h
configure:5751: gcc -c -m32  conftest.c >&5
configure:5751: $? = 0
configure:5751: result: yes
configure:5751: checking for stdint.h
configure:5751: gcc -c -m32  conftest.c >&5
configure:5751: $? = 0
configure:5751: result: yes
configure:5751: checking for unistd.h
configure:5751: gcc -c -m32  conftest.c >&5
configure:5751: $? = 0
configure:5751: result: yes
configure:5765: checking for stdint.h
configure:5765: result: yes
configure:5777: checking for stdbool.h that conforms to C99
configure:5844: gcc -c -m32  conftest.c >&5
configure:5844: $? = 0
configure:5851: result: yes
configure:5853: checking for _Bool
configure:5853: gcc -c -m32  conftest.c >&5
configure:5853: $? = 0
configure:5853: gcc -c -m32  conftest.c >&5
conftest.c: In function 'main':
conftest.c:59:20: error: expected expression before ')' token
configure:5853: $? = 1
configure: failed program was:
| /* confdefs.h */
| #define PACKAGE_NAME "libtrace"
| #define PACKAGE_TARNAME "libtrace"
| #define PACKAGE_VERSION "1.0"
| #define PACKAGE_STRING "libtrace 1.0"
| #define PACKAGE_BUGREPORT "bap-dev@lists.andrew.cmu.edu"
| #define PACKAGE_URL ""
| #define PACKAGE "libtrace"
| #define VERSION "1.0"
| #define HAVE_LIBPTHREAD 1
| #define STDC_HEADERS 1
| #define HAVE_SYS_TYPES_H 1
| #define HAVE_SYS_STAT_H 1
| #define HAVE_STDLIB_H 1
| #define HAVE_STRING_H 1
| #define HAVE_MEMORY_H 1
| #define HAVE_STRINGS_H 1
| #define HAVE_INTTYPES_H 1
| #define HAVE_STDINT_H 1
| #define HAVE_UNISTD_H 1
| #define HAVE_STDINT_H 1
| /* end confdefs.h.  */
| #include <stdio.h>
| #ifdef HAVE_SYS_TYPES_H
| # include <sys/types.h>
| #endif
| #ifdef HAVE_SYS_STAT_H
| # include <sys/stat.h>
| #endif
| #ifdef STDC_HEADERS
| # include <stdlib.h>
| # include <stddef.h>
| #else
| # ifdef HAVE_STDLIB_H
| #  include <stdlib.h>
| # endif
| #endif
| #ifdef HAVE_STRING_H
| # if !defined STDC_HEADERS && defined HAVE_MEMORY_H
| #  include <memory.h>
| # endif
| # include <string.h>
| #endif
| #ifdef HAVE_STRINGS_H
| # include <strings.h>
| #endif
| #ifdef HAVE_INTTYPES_H
| # include <inttypes.h>
| #endif
| #ifdef HAVE_STDINT_H
| # include <stdint.h>
| #endif
| #ifdef HAVE_UNISTD_H
| # include <unistd.h>
| #endif
| int
| main ()
| {
| if (sizeof ((_Bool)))
| 	    return 0;
|   ;
|   return 0;
| }
configure:5853: result: yes
configure:5869: checking for inline
configure:5885: gcc -c -m32  conftest.c >&5
configure:5885: $? = 0
configure:5893: result: inline
configure:5911: checking for size_t
configure:5911: gcc -c -m32  conftest.c >&5
configure:5911: $? = 0
configure:5911: gcc -c -m32  conftest.c >&5
conftest.c: In function 'main':
conftest.c:61:21: error: expected expression before ')' token
configure:5911: $? = 1
configure: failed program was:
| /* confdefs.h */
| #define PACKAGE_NAME "libtrace"
| #define PACKAGE_TARNAME "libtrace"
| #define PACKAGE_VERSION "1.0"
| #define PACKAGE_STRING "libtrace 1.0"
| #define PACKAGE_BUGREPORT "bap-dev@lists.andrew.cmu.edu"
| #define PACKAGE_URL ""
| #define PACKAGE "libtrace"
| #define VERSION "1.0"
| #define HAVE_LIBPTHREAD 1
| #define STDC_HEADERS 1
| #define HAVE_SYS_TYPES_H 1
| #define HAVE_SYS_STAT_H 1
| #define HAVE_STDLIB_H 1
| #define HAVE_STRING_H 1
| #define HAVE_MEMORY_H 1
| #define HAVE_STRINGS_H 1
| #define HAVE_INTTYPES_H 1
| #define HAVE_STDINT_H 1
| #define HAVE_UNISTD_H 1
| #define HAVE_STDINT_H 1
| #define HAVE__BOOL 1
| #define HAVE_STDBOOL_H 1
| /* end confdefs.h.  */
| #include <stdio.h>
| #ifdef HAVE_SYS_TYPES_H
| # include <sys/types.h>
| #endif
| #ifdef HAVE_SYS_STAT_H
| # include <sys/stat.h>
| #endif
| #ifdef STDC_HEADERS
| # include <stdlib.h>
| # include <stddef.h>
| #else
| # ifdef HAVE_STDLIB_H
| #  include <stdlib.h>
| # endif
| #endif
| #ifdef HAVE_STRING_H
| # if !defined STDC_HEADERS && defined HAVE_MEMORY_H
| #  include <memory.h>
| # endif
| # include <string.h>
| #endif
| #ifdef HAVE_STRINGS_H
| # include <strings.h>
| #endif
| #ifdef HAVE_INTTYPES_H
| # include <inttypes.h>
| #endif
| #ifdef HAVE_STDINT_H
| # include <stdint.h>
| #endif
| #ifdef HAVE_UNISTD_H
| # include <unistd.h>
| #endif
| int
| main ()
| {
| if (sizeof ((size_t)))
| 	    return 0;
|   ;
|   return 0;
| }
configure:5911: result: yes
configure:5922: checking for uint64_t
configure:5922: gcc -c -m32  conftest.c >&5
configure:5922: $? = 0
configure:5922: result: yes
configure:5943: checking for special C compiler options needed for large files
configure:5988: result: no
configure:5994: checking for _FILE_OFFSET_BITS value needed for large files
configure:6019: gcc -c -m32  conftest.c >&5
conftest.c:31:3: warning: left shift count >= width of type [enabled by default]
conftest.c:31:3: warning: left shift count >= width of type [enabled by default]
conftest.c:32:10: warning: left shift count >= width of type [enabled by default]
conftest.c:32:10: warning: left shift count >= width of type [enabled by default]
conftest.c:31:7: error: size of array 'off_t_is_large' is negative
conftest.c:33:9: warning: variably modified 'off_t_is_large' at file scope [enabled by default]
configure:6019: $? = 1
configure: failed program was:
| /* confdefs.h */
| #define PACKAGE_NAME "libtrace"
| #define PACKAGE_TARNAME "libtrace"
| #define PACKAGE_VERSION "1.0"
| #define PACKAGE_STRING "libtrace 1.0"
| #define PACKAGE_BUGREPORT "bap-dev@lists.andrew.cmu.edu"
| #define PACKAGE_URL ""
| #define PACKAGE "libtrace"
| #define VERSION "1.0"
| #define HAVE_LIBPTHREAD 1
| #define STDC_HEADERS 1
| #define HAVE_SYS_TYPES_H 1
| #define HAVE_SYS_STAT_H 1
| #define HAVE_STDLIB_H 1
| #define HAVE_STRING_H 1
| #define HAVE_MEMORY_H 1
| #define HAVE_STRINGS_H 1
| #define HAVE_INTTYPES_H 1
| #define HAVE_STDINT_H 1
| #define HAVE_UNISTD_H 1
| #define HAVE_STDINT_H 1
| #define HAVE__BOOL 1
| #define HAVE_STDBOOL_H 1
| /* end confdefs.h.  */
| #include <sys/types.h>
|  /* Check that off_t can represent 2**63 - 1 correctly.
|     We can't simply define LARGE_OFF_T to be 9223372036854775807,
|     since some C++ compilers masquerading as C compilers
|     incorrectly reject 9223372036854775807.  */
| #define LARGE_OFF_T (((off_t) 1 << 62) - 1 + ((off_t) 1 << 62))
|   int off_t_is_large[(LARGE_OFF_T % 2147483629 == 721
| 		       && LARGE_OFF_T % 2147483647 == 1)
| 		      ? 1 : -1];
| int
| main ()
| {
| 
|   ;
|   return 0;
| }
configure:6043: gcc -c -m32  conftest.c >&5
configure:6043: $? = 0
configure:6051: result: 64
configure:6134: checking for _LARGEFILE_SOURCE value needed for large files
configure:6153: gcc -o conftest -m32   conftest.c -lpthread  >&5
configure:6153: $? = 0
configure:6181: result: no
configure:6206: checking for memset
configure:6206: gcc -o conftest -m32   conftest.c -lpthread  >&5
conftest.c:50:6: warning: conflicting types for built-in function 'memset' [enabled by default]
configure:6206: $? = 0
configure:6206: result: yes
configure:6352: creating ./config.status

## ---------------------- ##
## Running config.status. ##
## ---------------------- ##

This file was extended by libtrace config.status 1.0, which was
generated by GNU Autoconf 2.68.  Invocation command line was

  CONFIG_FILES    = 
  CONFIG_HEADERS  = 
  CONFIG_LINKS    = 
  CONFIG_COMMANDS = 
  $ ./config.status 

on ubuntu

config.status:896: creating Makefile
config.status:896: creating src/Makefile
config.status:896: creating src/cpp/Makefile
config.status:896: creating src/cpp/utils/Makefile
config.status:896: creating src/ocaml/Makefile
config.status:896: creating src/ocaml/utils/Makefile
config.status:896: creating src/cpp/config.h
config.status:1125: executing depfiles commands

## ---------------- ##
## Cache variables. ##
## ---------------- ##

ac_cv_c_compiler_gnu=yes
ac_cv_c_inline=inline
ac_cv_c_uint64_t=yes
ac_cv_cxx_compiler_gnu=yes
ac_cv_env_CCC_set=
ac_cv_env_CCC_value=
ac_cv_env_CC_set=
ac_cv_env_CC_value=
ac_cv_env_CFLAGS_set=set
ac_cv_env_CFLAGS_value=-m32
ac_cv_env_CPPFLAGS_set=set
ac_cv_env_CPPFLAGS_value=
ac_cv_env_CPP_set=
ac_cv_env_CPP_value=
ac_cv_env_CXXFLAGS_set=set
ac_cv_env_CXXFLAGS_value=-m32
ac_cv_env_CXX_set=
ac_cv_env_CXX_value=
ac_cv_env_LDFLAGS_set=
ac_cv_env_LDFLAGS_value=
ac_cv_env_LIBS_set=
ac_cv_env_LIBS_value=
ac_cv_env_build_alias_set=
ac_cv_env_build_alias_value=
ac_cv_env_host_alias_set=
ac_cv_env_host_alias_value=
ac_cv_env_target_alias_set=
ac_cv_env_target_alias_value=
ac_cv_func_memset=yes
ac_cv_header_inttypes_h=yes
ac_cv_header_memory_h=yes
ac_cv_header_stdbool_h=yes
ac_cv_header_stdc=yes
ac_cv_header_stdint_h=yes
ac_cv_header_stdlib_h=yes
ac_cv_header_string_h=yes
ac_cv_header_strings_h=yes
ac_cv_header_sys_stat_h=yes
ac_cv_header_sys_types_h=yes
ac_cv_header_unistd_h=yes
ac_cv_lib_pthread_main=yes
ac_cv_objext=o
ac_cv_path_EGREP='/bin/grep -E'
ac_cv_path_GREP=/bin/grep
ac_cv_path_install='/usr/bin/install -c'
ac_cv_path_mkdir=/bin/mkdir
ac_cv_prog_AWK=mawk
ac_cv_prog_CPP='gcc -E'
ac_cv_prog_ac_ct_CC=gcc
ac_cv_prog_ac_ct_CXX=g++
ac_cv_prog_ac_ct_OCAML=ocaml
ac_cv_prog_ac_ct_OCAMLBUILD=ocamlbuild
ac_cv_prog_ac_ct_OCAMLC=ocamlc
ac_cv_prog_ac_ct_OCAMLCDOTOPT=ocamlc.opt
ac_cv_prog_ac_ct_OCAMLDEP=ocamldep
ac_cv_prog_ac_ct_OCAMLDOC=ocamldoc
ac_cv_prog_ac_ct_OCAMLMKLIB=ocamlmklib
ac_cv_prog_ac_ct_OCAMLMKTOP=ocamlmktop
ac_cv_prog_ac_ct_OCAMLOPT=ocamlopt
ac_cv_prog_ac_ct_OCAMLOPTDOTOPT=ocamlopt.opt
ac_cv_prog_ac_ct_RANLIB=ranlib
ac_cv_prog_cc_c89=
ac_cv_prog_cc_g=yes
ac_cv_prog_cxx_g=yes
ac_cv_prog_make_make_set=yes
ac_cv_sys_file_offset_bits=64
ac_cv_sys_largefile_CC=no
ac_cv_sys_largefile_source=no
ac_cv_type__Bool=yes
ac_cv_type_size_t=yes
am_cv_CC_dependencies_compiler_type=gcc3
am_cv_CXX_dependencies_compiler_type=gcc3

## ----------------- ##
## Output variables. ##
## ----------------- ##

ACLOCAL='${SHELL} /home/bap/workspace/bap-0.7/missing --run aclocal-1.11'
AMDEPBACKSLASH='\'
AMDEP_FALSE='#'
AMDEP_TRUE=''
AMTAR='$${TAR-tar}'
AUTOCONF='${SHELL} /home/bap/workspace/bap-0.7/missing --run autoconf'
AUTOHEADER='${SHELL} /home/bap/workspace/bap-0.7/missing --run autoheader'
AUTOMAKE='${SHELL} /home/bap/workspace/bap-0.7/missing --run automake-1.11'
AWK='mawk'
BAT_DIR='/home/bap/workspace/bap-0.7/batteries/_build/src'
CC='gcc'
CCDEPMODE='depmode=gcc3'
CFLAGS='-m32'
CPP='gcc -E'
CPPFLAGS=''
CXX='g++'
CXXDEPMODE='depmode=gcc3'
CXXFLAGS='-m32'
CYGPATH_W='echo'
DEFS='-DHAVE_CONFIG_H'
DEPDIR='.deps'
ECHO_C=''
ECHO_N='-n'
ECHO_T=''
EGREP='/bin/grep -E'
EXEEXT=''
GREP='/bin/grep'
INCDIRS=''
INSTALL_DATA='${INSTALL} -m 644'
INSTALL_PROGRAM='${INSTALL}'
INSTALL_SCRIPT='${INSTALL}'
INSTALL_STRIP_PROGRAM='$(install_sh) -c -s'
LDFLAGS=''
LIBOBJS=''
LIBS='-lpthread '
LIBTRACE_DIR='/home/bap/workspace/bap-0.7/libtracewrap/libtrace'
LTLIBOBJS=''
MAKEINFO='${SHELL} /home/bap/workspace/bap-0.7/missing --run makeinfo'
MKDIR_P='/bin/mkdir -p'
OBJEXT='o'
OCAML='ocaml'
OCAMLBEST='opt'
OCAMLBUILD='ocamlbuild'
OCAMLC='ocamlc.opt'
OCAMLCDOTOPT='ocamlc.opt'
OCAMLDEP='ocamldep'
OCAMLDOC='ocamldoc'
OCAMLLIB='/usr/lib/ocaml'
OCAMLMKLIB='ocamlmklib'
OCAMLMKTOP='ocamlmktop'
OCAMLOPT='ocamlopt.opt'
OCAMLOPTDOTOPT='ocamlopt.opt'
OCAMLVERSION='3.12.1'
PACKAGE='libtrace'
PACKAGE_BUGREPORT='bap-dev@lists.andrew.cmu.edu'
PACKAGE_NAME='libtrace'
PACKAGE_STRING='libtrace 1.0'
PACKAGE_TARNAME='libtrace'
PACKAGE_URL=''
PACKAGE_VERSION='1.0'
PATH_SEPARATOR=':'
RANLIB='ranlib'
SET_MAKE=''
SHELL='/bin/bash'
STRIP=''
VERSION='1.0'
ac_ct_CC='gcc'
ac_ct_CXX='g++'
am__EXEEXT_FALSE=''
am__EXEEXT_TRUE='#'
am__fastdepCC_FALSE='#'
am__fastdepCC_TRUE=''
am__fastdepCXX_FALSE='#'
am__fastdepCXX_TRUE=''
am__include='include'
am__isrc=''
am__leading_dot='.'
am__nodep='_no'
am__quote=''
am__tar='$${TAR-tar} chof - "$$tardir"'
am__untar='$${TAR-tar} xf -'
bindir='${exec_prefix}/bin'
build_alias=''
datadir='${datarootdir}'
datarootdir='${prefix}/share'
docdir='${datarootdir}/doc/${PACKAGE_TARNAME}'
dvidir='${docdir}'
exec_prefix='${prefix}'
has_batteries='/home/bap/workspace/bap-0.7/batteries/_build/src'
host_alias=''
htmldir='${docdir}'
includedir='${prefix}/include'
infodir='${datarootdir}/info'
install_sh='${SHELL} /home/bap/workspace/bap-0.7/install-sh'
libdir='${exec_prefix}/lib'
libexecdir='${exec_prefix}/libexec'
localedir='${datarootdir}/locale'
localstatedir='${prefix}/var'
mandir='${datarootdir}/man'
mkdir_p='/bin/mkdir -p'
oldincludedir='/usr/include'
pdfdir='${docdir}'
prefix='/usr/local'
program_transform_name='s,x,x,'
psdir='${docdir}'
sbindir='${exec_prefix}/sbin'
sharedstatedir='${prefix}/com'
sysconfdir='${prefix}/etc'
target_alias=''

## ----------- ##
## confdefs.h. ##
## ----------- ##

/* confdefs.h */
#define PACKAGE_NAME "libtrace"
#define PACKAGE_TARNAME "libtrace"
#define PACKAGE_VERSION "1.0"
#define PACKAGE_STRING "libtrace 1.0"
#define PACKAGE_BUGREPORT "bap-dev@lists.andrew.cmu.edu"
#define PACKAGE_URL ""
#define PACKAGE "libtrace"
#define VERSION "1.0"
#define HAVE_LIBPTHREAD 1
#define STDC_HEADERS 1
#define HAVE_SYS_TYPES_H 1
#define HAVE_SYS_STAT_H 1
#define HAVE_STDLIB_H 1
#define HAVE_STRING_H 1
#define HAVE_MEMORY_H 1
#define HAVE_STRINGS_H 1
#define HAVE_INTTYPES_H 1
#define HAVE_STDINT_H 1
#define HAVE_UNISTD_H 1
#define HAVE_STDINT_H 1
#define HAVE__BOOL 1
#define HAVE_STDBOOL_H 1
#define _FILE_OFFSET_BITS 64
#define HAVE_FSEEKO 1
#define HAVE_MEMSET 1

configure: exit 0
