This file contains any messages produced by compilers while
running configure, to aid debugging if configure makes a mistake.

It was created by configure, which was
generated by GNU Autoconf 2.67.  Invocation command line was

  $ ./configure 

## --------- ##
## Platform. ##
## --------- ##

hostname = ubuntu
uname -m = i686
uname -r = 3.11.0-15-generic
uname -s = Linux
uname -v = #25~precise1-Ubuntu SMP Thu Jan 30 17:42:40 UTC 2014

/usr/bin/uname -p = unknown
/bin/uname -X     = unknown

/bin/arch              = unknown
/usr/bin/arch -k       = unknown
/usr/convex/getsysinfo = unknown
/usr/bin/hostinfo      = unknown
/bin/machine           = unknown
/usr/bin/oslevel       = unknown
/bin/universe          = unknown

PATH: /usr/local/sbin
PATH: /usr/local/bin
PATH: /usr/sbin
PATH: /usr/bin
PATH: /sbin
PATH: /bin
PATH: /usr/games
PATH: /home/bap/workspace/bap-0.8/utils


## ----------- ##
## Core tests. ##
## ----------- ##

configure:1665: checking for ocamlc
configure:1681: found /usr/bin/ocamlc
configure:1693: result: ocamlc
configure:1726: checking for ocamlopt
configure:1742: found /usr/bin/ocamlopt
configure:1754: result: ocamlopt
configure:1767: checking ocamlopt version
configure:1775: result: ok
configure:1784: checking for ocamlc.opt
configure:1800: found /usr/bin/ocamlc.opt
configure:1812: result: ocamlc.opt
configure:1821: checking ocamlc.opt version
configure:1828: result: ok
configure:1838: checking for ocamlopt.opt
configure:1854: found /usr/bin/ocamlopt.opt
configure:1866: result: ocamlopt.opt
configure:1875: checking ocamlc.opt version
configure:1882: result: ok
configure:1892: checking for ocamldep
configure:1908: found /usr/bin/ocamldep
configure:1920: result: ocamldep
configure:1934: checking for ocamllex
configure:1950: found /usr/bin/ocamllex
configure:1962: result: ocamllex
configure:1975: checking for ocamllex.opt
configure:1991: found /usr/bin/ocamllex.opt
configure:2003: result: ocamllex.opt
configure:2018: checking for ocamlyacc
configure:2034: found /usr/bin/ocamlyacc
configure:2046: result: ocamlyacc
configure:2060: checking for ocamldoc
configure:2076: found /usr/bin/ocamldoc
configure:2088: result: ocamldoc
configure:2102: checking for ocamldoc.opt
configure:2118: found /usr/bin/ocamldoc.opt
configure:2130: result: ocamldoc.opt
configure:2145: checking for ocamlweb
configure:2173: result: true
configure:2184: checking for ocamlfind
configure:2200: found /usr/bin/ocamlfind
configure:2211: result: ocamlfind
configure:2228: checking for /usr/lib/ocaml/lablgtk2/lablgtk.cmxa
configure:2242: result: no
configure:2281: checking Win32 platform
configure:2290: result: no
configure:2301: WARNING: lablgnomecanvas not found: the graph editor and view_graph will not be compiled
configure:2466: creating ./config.status

## ---------------------- ##
## Running config.status. ##
## ---------------------- ##

This file was extended by config.status, which was
generated by GNU Autoconf 2.67.  Invocation command line was

  CONFIG_FILES    = 
  CONFIG_HEADERS  = 
  CONFIG_LINKS    = 
  CONFIG_COMMANDS = 
  $ ./config.status 

on ubuntu

config.status:3282: creating Makefile

## ---------------- ##
## Cache variables. ##
## ---------------- ##

ac_cv_env_build_alias_set=''
ac_cv_env_build_alias_value=''
ac_cv_env_host_alias_set=''
ac_cv_env_host_alias_value=''
ac_cv_env_target_alias_set=''
ac_cv_env_target_alias_value=''
ac_cv_file__usr_lib_ocaml_lablgtk2_lablgtk_cmxa='no'
ac_cv_prog_OCAMLC='ocamlc'
ac_cv_prog_OCAMLCDOTOPT='ocamlc.opt'
ac_cv_prog_OCAMLDEP='ocamldep'
ac_cv_prog_OCAMLDOC='ocamldoc'
ac_cv_prog_OCAMLDOCOPT='ocamldoc.opt'
ac_cv_prog_OCAMLFIND='ocamlfind'
ac_cv_prog_OCAMLLEX='ocamllex'
ac_cv_prog_OCAMLLEXDOTOPT='ocamllex.opt'
ac_cv_prog_OCAMLOPT='ocamlopt'
ac_cv_prog_OCAMLOPTDOTOPT='ocamlopt.opt'
ac_cv_prog_OCAMLWEB='true'
ac_cv_prog_OCAMLYACC='ocamlyacc'

## ----------------- ##
## Output variables. ##
## ----------------- ##

DEFS='-DPACKAGE_NAME=\"\" -DPACKAGE_TARNAME=\"\" -DPACKAGE_VERSION=\"\" -DPACKAGE_STRING=\"\" -DPACKAGE_BUGREPORT=\"\" -DPACKAGE_URL=\"\"'
ECHO_C=''
ECHO_N='-n'
ECHO_T=''
EXE=''
INCLUDEGTK2=''
LABLGNOMECANVAS='no'
LABLGTK2='no'
LIBEXT='.a'
LIBOBJS=''
LIBS=''
LTLIBOBJS=''
OBJEXT='.o'
OCAMLBEST='opt'
OCAMLC='ocamlc.opt'
OCAMLCDOTOPT='ocamlc.opt'
OCAMLDEP='ocamldep'
OCAMLDOC='ocamldoc.opt'
OCAMLDOCOPT='ocamldoc.opt'
OCAMLFIND='ocamlfind'
OCAMLLEX='ocamllex.opt'
OCAMLLEXDOTOPT='ocamllex.opt'
OCAMLLIB='/usr/lib/ocaml'
OCAMLOPT='ocamlopt.opt'
OCAMLOPTDOTOPT='ocamlopt.opt'
OCAMLVERSION='3.12.1'
OCAMLWEB='true'
OCAMLWIN32='no'
OCAMLYACC='ocamlyacc'
PACKAGE_BUGREPORT=''
PACKAGE_NAME=''
PACKAGE_STRING=''
PACKAGE_TARNAME=''
PACKAGE_URL=''
PACKAGE_VERSION=''
PATH_SEPARATOR=':'
SHELL='/bin/bash'
bindir='${exec_prefix}/bin'
build_alias=''
datadir='${datarootdir}'
datarootdir='${prefix}/share'
docdir='${datarootdir}/doc/${PACKAGE}'
dvidir='${docdir}'
exec_prefix='${prefix}'
host_alias=''
htmldir='${docdir}'
includedir='${prefix}/include'
infodir='${datarootdir}/info'
libdir='${exec_prefix}/lib'
libexecdir='${exec_prefix}/libexec'
localedir='${datarootdir}/locale'
localstatedir='${prefix}/var'
mandir='${datarootdir}/man'
oldincludedir='/usr/include'
pdfdir='${docdir}'
prefix='/usr/local'
program_transform_name='s,x,x,'
psdir='${docdir}'
sbindir='${exec_prefix}/sbin'
sharedstatedir='${prefix}/com'
sysconfdir='${prefix}/etc'
target_alias=''

## ----------- ##
## confdefs.h. ##
## ----------- ##

/* confdefs.h */
#define PACKAGE_NAME ""
#define PACKAGE_TARNAME ""
#define PACKAGE_VERSION ""
#define PACKAGE_STRING ""
#define PACKAGE_BUGREPORT ""
#define PACKAGE_URL ""

configure: exit 0
